\BOOKMARK [0][-]{chapter.1}{Introduction}{}% 1
\BOOKMARK [0][-]{chapter.2}{Theoretical Background}{}% 2
\BOOKMARK [1][-]{section.2.1}{Quantum Computing}{chapter.2}% 3
\BOOKMARK [1][-]{section.2.2}{Optimization Problems and Quantum Annealing}{chapter.2}% 4
\BOOKMARK [1][-]{section.2.3}{Exact Diagonalization}{chapter.2}% 5
\BOOKMARK [1][-]{section.2.4}{Suzuki-Trotter Product Formula}{chapter.2}% 6
\BOOKMARK [0][-]{chapter.3}{Landau-Zener Tunnelling}{}% 7
\BOOKMARK [0][-]{chapter.4}{Results for the Original Hamiltonian}{}% 8
\BOOKMARK [1][-]{section.4.1}{The problem set}{chapter.4}% 9
\BOOKMARK [1][-]{section.4.2}{Second-order Suzuki-Trotter Product formula algorithm}{chapter.4}% 10
\BOOKMARK [1][-]{section.4.3}{Selected Problems}{chapter.4}% 11
\BOOKMARK [1][-]{section.4.4}{The Bigger Picture}{chapter.4}% 12
\BOOKMARK [0][-]{chapter.5}{Results with the Ferromagnetic Trigger}{}% 13
\BOOKMARK [1][-]{section.5.1}{The Selected Problems}{chapter.5}% 14
\BOOKMARK [1][-]{section.5.2}{The Bigger Picture}{chapter.5}% 15
\BOOKMARK [0][-]{chapter.6}{Results with the Anti-ferromagnetic Trigger}{}% 16
\BOOKMARK [1][-]{section.6.1}{The Selected Problems}{chapter.6}% 17
\BOOKMARK [1][-]{section.6.2}{Trigger Strength g=0.5}{chapter.6}% 18
\BOOKMARK [1][-]{section.6.3}{Trigger strength g=1}{chapter.6}% 19
\BOOKMARK [1][-]{section.6.4}{Trigger Strength g=2}{chapter.6}% 20
\BOOKMARK [0][-]{chapter.7}{Summary}{}% 21
\BOOKMARK [0][-]{section*.2}{Appendices}{}% 22
\BOOKMARK [1][-]{section.1..1}{8-spin Problems}{section*.2}% 23
\BOOKMARK [1][-]{section.1..2}{Modelling the energy levels using effective Hamiltonian approach}{section*.2}% 24
\BOOKMARK [1][-]{section.1..3}{Specific 12-spin problems}{section*.2}% 25
\BOOKMARK [0][-]{appendix*.3}{Bibliography}{}% 26
