This is pdfTeX, Version 3.14159265-2.6-1.40.19 (MiKTeX 2.9.6930 64-bit) (preloaded format=pdflatex 2019.1.20)  16 OCT 2019 16:33
entering extended mode
**./Appendix.tex
(Appendix.tex
LaTeX2e <2018-12-01>

("C:\Users\Vrind\AppData\Local\Programs\MiKTeX 2.9\tex/latex/subfiles\subfiles.
cls"
Document Class: subfiles 2018/07/31 Federico Garcia, Gernot Salzer
Preamble taken from file `../main.tex'
(../main.tex
("C:\Users\Vrind\AppData\Local\Programs\MiKTeX 2.9\tex/latex/base\book.cls"
Document Class: book 2018/09/03 v1.4i Standard LaTeX document class
("C:\Users\Vrind\AppData\Local\Programs\MiKTeX 2.9\tex/latex/base\bk10.clo"
File: bk10.clo 2018/09/03 v1.4i Standard LaTeX file (size option)
)
\c@part=\count80
\c@chapter=\count81
\c@section=\count82
\c@subsection=\count83
\c@subsubsection=\count84
\c@paragraph=\count85
\c@subparagraph=\count86
\c@figure=\count87
\c@table=\count88
\abovecaptionskip=\skip41
\belowcaptionskip=\skip42
\bibindent=\dimen102
)
("C:\Users\Vrind\AppData\Local\Programs\MiKTeX 2.9\tex/latex/prettyref\prettyre
f.sty"
Package: prettyref 1998/07/09 v3.0
)
("C:\Users\Vrind\AppData\Local\Programs\MiKTeX 2.9\tex/latex/geometry\geometry.
sty"
Package: geometry 2018/04/16 v5.8 Page Geometry

("C:\Users\Vrind\AppData\Local\Programs\MiKTeX 2.9\tex/latex/graphics\keyval.st
y"
Package: keyval 2014/10/28 v1.15 key=value parser (DPC)
\KV@toks@=\toks14
)
("C:\Users\Vrind\AppData\Local\Programs\MiKTeX 2.9\tex/generic/oberdiek\ifpdf.s
ty"
Package: ifpdf 2018/09/07 v3.3 Provides the ifpdf switch
)
("C:\Users\Vrind\AppData\Local\Programs\MiKTeX 2.9\tex/generic/oberdiek\ifvtex.
sty"
Package: ifvtex 2016/05/16 v1.6 Detect VTeX and its facilities (HO)
Package ifvtex Info: VTeX not detected.
)
("C:\Users\Vrind\AppData\Local\Programs\MiKTeX 2.9\tex/generic/ifxetex\ifxetex.
sty"
Package: ifxetex 2010/09/12 v0.6 Provides ifxetex conditional
)
\Gm@cnth=\count89
\Gm@cntv=\count90
\c@Gm@tempcnt=\count91
\Gm@bindingoffset=\dimen103
\Gm@wd@mp=\dimen104
\Gm@odd@mp=\dimen105
\Gm@even@mp=\dimen106
\Gm@layoutwidth=\dimen107
\Gm@layoutheight=\dimen108
\Gm@layouthoffset=\dimen109
\Gm@layoutvoffset=\dimen110
\Gm@dimlist=\toks15

("C:\Users\Vrind\AppData\Local\Programs\MiKTeX 2.9\tex/latex/geometry\geometry.
cfg"))
("C:\Users\Vrind\AppData\Local\Programs\MiKTeX 2.9\tex/latex/graphics\graphicx.
sty"
Package: graphicx 2017/06/01 v1.1a Enhanced LaTeX Graphics (DPC,SPQR)

("C:\Users\Vrind\AppData\Local\Programs\MiKTeX 2.9\tex/latex/graphics\graphics.
sty"
Package: graphics 2017/06/25 v1.2c Standard LaTeX Graphics (DPC,SPQR)

("C:\Users\Vrind\AppData\Local\Programs\MiKTeX 2.9\tex/latex/graphics\trig.sty"
Package: trig 2016/01/03 v1.10 sin cos tan (DPC)
)
("C:\Users\Vrind\AppData\Local\Programs\MiKTeX 2.9\tex/latex/graphics-cfg\graph
ics.cfg"
File: graphics.cfg 2016/06/04 v1.11 sample graphics configuration
)
Package graphics Info: Driver file: pdftex.def on input line 99.

("C:\Users\Vrind\AppData\Local\Programs\MiKTeX 2.9\tex/latex/graphics-def\pdfte
x.def"
File: pdftex.def 2018/01/08 v1.0l Graphics/color driver for pdftex
))
\Gin@req@height=\dimen111
\Gin@req@width=\dimen112
)
("C:\Users\Vrind\AppData\Local\Programs\MiKTeX 2.9\tex/latex/amsmath\amsmath.st
y"
Package: amsmath 2018/12/01 v2.17b AMS math features
\@mathmargin=\skip43

For additional information on amsmath, use the `?' option.

("C:\Users\Vrind\AppData\Local\Programs\MiKTeX 2.9\tex/latex/amsmath\amstext.st
y"
Package: amstext 2000/06/29 v2.01 AMS text

("C:\Users\Vrind\AppData\Local\Programs\MiKTeX 2.9\tex/latex/amsmath\amsgen.sty
"
File: amsgen.sty 1999/11/30 v2.0 generic functions
\@emptytoks=\toks16
\ex@=\dimen113
))
("C:\Users\Vrind\AppData\Local\Programs\MiKTeX 2.9\tex/latex/amsmath\amsbsy.sty
"
Package: amsbsy 1999/11/29 v1.2d Bold Symbols
\pmbraise@=\dimen114
)
("C:\Users\Vrind\AppData\Local\Programs\MiKTeX 2.9\tex/latex/amsmath\amsopn.sty
"
Package: amsopn 2016/03/08 v2.02 operator names
)
\inf@bad=\count92
LaTeX Info: Redefining \frac on input line 223.
\uproot@=\count93
\leftroot@=\count94
LaTeX Info: Redefining \overline on input line 385.
\classnum@=\count95
\DOTSCASE@=\count96
LaTeX Info: Redefining \ldots on input line 482.
LaTeX Info: Redefining \dots on input line 485.
LaTeX Info: Redefining \cdots on input line 606.
\Mathstrutbox@=\box27
\strutbox@=\box28
\big@size=\dimen115
LaTeX Font Info:    Redeclaring font encoding OML on input line 729.
LaTeX Font Info:    Redeclaring font encoding OMS on input line 730.
\macc@depth=\count97
\c@MaxMatrixCols=\count98
\dotsspace@=\muskip10
\c@parentequation=\count99
\dspbrk@lvl=\count100
\tag@help=\toks17
\row@=\count101
\column@=\count102
\maxfields@=\count103
\andhelp@=\toks18
\eqnshift@=\dimen116
\alignsep@=\dimen117
\tagshift@=\dimen118
\tagwidth@=\dimen119
\totwidth@=\dimen120
\lineht@=\dimen121
\@envbody=\toks19
\multlinegap=\skip44
\multlinetaggap=\skip45
\mathdisplay@stack=\toks20
LaTeX Info: Redefining \[ on input line 2844.
LaTeX Info: Redefining \] on input line 2845.
)
("C:\Users\Vrind\AppData\Local\Programs\MiKTeX 2.9\tex/latex/amsfonts\amssymb.s
ty"
Package: amssymb 2013/01/14 v3.01 AMS font symbols

("C:\Users\Vrind\AppData\Local\Programs\MiKTeX 2.9\tex/latex/amsfonts\amsfonts.
sty"
Package: amsfonts 2013/01/14 v3.01 Basic AMSFonts support
\symAMSa=\mathgroup4
\symAMSb=\mathgroup5
LaTeX Font Info:    Overwriting math alphabet `\mathfrak' in version `bold'
(Font)                  U/euf/m/n --> U/euf/b/n on input line 106.
))
("C:\Users\Vrind\AppData\Local\Programs\MiKTeX 2.9\tex/latex/mathtools\mathtool
s.sty"
Package: mathtools 2018/01/08 v1.21 mathematical typesetting tools

("C:\Users\Vrind\AppData\Local\Programs\MiKTeX 2.9\tex/latex/tools\calc.sty"
Package: calc 2017/05/25 v4.3 Infix arithmetic (KKT,FJ)
\calc@Acount=\count104
\calc@Bcount=\count105
\calc@Adimen=\dimen122
\calc@Bdimen=\dimen123
\calc@Askip=\skip46
\calc@Bskip=\skip47
LaTeX Info: Redefining \setlength on input line 80.
LaTeX Info: Redefining \addtolength on input line 81.
\calc@Ccount=\count106
\calc@Cskip=\skip48
)
("C:\Users\Vrind\AppData\Local\Programs\MiKTeX 2.9\tex/latex/mathtools\mhsetup.
sty"
Package: mhsetup 2017/03/31 v1.3 programming setup (MH)
)
LaTeX Info: Thecontrolsequence`\('isalreadyrobust on input line 129.
LaTeX Info: Thecontrolsequence`\)'isalreadyrobust on input line 129.
LaTeX Info: Thecontrolsequence`\['isalreadyrobust on input line 129.
LaTeX Info: Thecontrolsequence`\]'isalreadyrobust on input line 129.
\g_MT_multlinerow_int=\count107
\l_MT_multwidth_dim=\dimen124
\origjot=\skip49
\l_MT_shortvdotswithinadjustabove_dim=\dimen125
\l_MT_shortvdotswithinadjustbelow_dim=\dimen126
\l_MT_above_intertext_sep=\dimen127
\l_MT_below_intertext_sep=\dimen128
\l_MT_above_shortintertext_sep=\dimen129
\l_MT_below_shortintertext_sep=\dimen130
)
("C:\Users\Vrind\AppData\Local\Programs\MiKTeX 2.9\tex/latex/physics\physics.st
y"
Package: physics 

("C:\Users\Vrind\AppData\Local\Programs\MiKTeX 2.9\tex/latex/l3packages/xparse\
xparse.sty"
("C:\Users\Vrind\AppData\Local\Programs\MiKTeX 2.9\tex/latex/l3kernel\expl3.sty
"
Package: expl3 2019-01-13 L3 programming layer (loader) 

("C:\Users\Vrind\AppData\Local\Programs\MiKTeX 2.9\tex/latex/l3kernel\expl3-cod
e.tex"
Package: expl3 2019-01-13 L3 programming layer (code)
\c_max_int=\count108
\l_tmpa_int=\count109
\l_tmpb_int=\count110
\g_tmpa_int=\count111
\g_tmpb_int=\count112
\g__kernel_prg_map_int=\count113
\c_log_iow=\count114
\l_iow_line_count_int=\count115
\l__iow_line_target_int=\count116
\l__iow_one_indent_int=\count117
\l__iow_indent_int=\count118
\c_zero_dim=\dimen131
\c_max_dim=\dimen132
\l_tmpa_dim=\dimen133
\l_tmpb_dim=\dimen134
\g_tmpa_dim=\dimen135
\g_tmpb_dim=\dimen136
\c_zero_skip=\skip50
\c_max_skip=\skip51
\l_tmpa_skip=\skip52
\l_tmpb_skip=\skip53
\g_tmpa_skip=\skip54
\g_tmpb_skip=\skip55
\c_zero_muskip=\muskip11
\c_max_muskip=\muskip12
\l_tmpa_muskip=\muskip13
\l_tmpb_muskip=\muskip14
\g_tmpa_muskip=\muskip15
\g_tmpb_muskip=\muskip16
\l_keys_choice_int=\count119
\l__intarray_loop_int=\count120
\c__intarray_sp_dim=\dimen137
\g__intarray_font_int=\count121
\c__fp_leading_shift_int=\count122
\c__fp_middle_shift_int=\count123
\c__fp_trailing_shift_int=\count124
\c__fp_big_leading_shift_int=\count125
\c__fp_big_middle_shift_int=\count126
\c__fp_big_trailing_shift_int=\count127
\c__fp_Bigg_leading_shift_int=\count128
\c__fp_Bigg_middle_shift_int=\count129
\c__fp_Bigg_trailing_shift_int=\count130
\c__kernel_randint_max_int=\count131
\g__fp_array_int=\count132
\l__fp_array_loop_int=\count133
\l__sort_length_int=\count134
\l__sort_min_int=\count135
\l__sort_top_int=\count136
\l__sort_max_int=\count137
\l__sort_true_max_int=\count138
\l__sort_block_int=\count139
\l__sort_begin_int=\count140
\l__sort_end_int=\count141
\l__sort_A_int=\count142
\l__sort_B_int=\count143
\l__sort_C_int=\count144
\l__tl_analysis_normal_int=\count145
\l__tl_analysis_index_int=\count146
\l__tl_analysis_nesting_int=\count147
\l__tl_analysis_type_int=\count148
\l__regex_internal_a_int=\count149
\l__regex_internal_b_int=\count150
\l__regex_internal_c_int=\count151
\l__regex_balance_int=\count152
\l__regex_group_level_int=\count153
\l__regex_mode_int=\count154
\c__regex_cs_in_class_mode_int=\count155
\c__regex_cs_mode_int=\count156
\l__regex_catcodes_int=\count157
\l__regex_default_catcodes_int=\count158
\c__regex_catcode_D_int=\count159
\c__regex_catcode_S_int=\count160
\c__regex_catcode_L_int=\count161
\c__regex_catcode_O_int=\count162
\c__regex_catcode_A_int=\count163
\c__regex_all_catcodes_int=\count164
\l__regex_show_lines_int=\count165
\l__regex_min_state_int=\count166
\l__regex_max_state_int=\count167
\l__regex_left_state_int=\count168
\l__regex_right_state_int=\count169
\l__regex_capturing_group_int=\count170
\l__regex_min_pos_int=\count171
\l__regex_max_pos_int=\count172
\l__regex_curr_pos_int=\count173
\l__regex_start_pos_int=\count174
\l__regex_success_pos_int=\count175
\l__regex_curr_char_int=\count176
\l__regex_curr_catcode_int=\count177
\l__regex_last_char_int=\count178
\l__regex_case_changed_char_int=\count179
\l__regex_curr_state_int=\count180
\l__regex_step_int=\count181
\l__regex_min_active_int=\count182
\l__regex_max_active_int=\count183
\l__regex_replacement_csnames_int=\count184
\l__regex_match_count_int=\count185
\l__regex_min_submatch_int=\count186
\l__regex_submatch_int=\count187
\l__regex_zeroth_submatch_int=\count188
\g__regex_trace_regex_int=\count189
\c_empty_box=\box29
\l_tmpa_box=\box30
\l_tmpb_box=\box31
\g_tmpa_box=\box32
\g_tmpb_box=\box33
\l__box_top_dim=\dimen138
\l__box_bottom_dim=\dimen139
\l__box_left_dim=\dimen140
\l__box_right_dim=\dimen141
\l__box_top_new_dim=\dimen142
\l__box_bottom_new_dim=\dimen143
\l__box_left_new_dim=\dimen144
\l__box_right_new_dim=\dimen145
\l__box_internal_box=\box34
\l__coffin_internal_box=\box35
\l__coffin_internal_dim=\dimen146
\l__coffin_offset_x_dim=\dimen147
\l__coffin_offset_y_dim=\dimen148
\l__coffin_x_dim=\dimen149
\l__coffin_y_dim=\dimen150
\l__coffin_x_prime_dim=\dimen151
\l__coffin_y_prime_dim=\dimen152
\c_empty_coffin=\box36
\l__coffin_aligned_coffin=\box37
\l__coffin_aligned_internal_coffin=\box38
\l_tmpa_coffin=\box39
\l_tmpb_coffin=\box40
\l__coffin_display_coffin=\box41
\l__coffin_display_coord_coffin=\box42
\l__coffin_display_pole_coffin=\box43
\l__coffin_display_offset_dim=\dimen153
\l__coffin_display_x_dim=\dimen154
\l__coffin_display_y_dim=\dimen155
\g__file_internal_ior=\read1
\l__coffin_bounding_shift_dim=\dimen156
\l__coffin_left_corner_dim=\dimen157
\l__coffin_right_corner_dim=\dimen158
\l__coffin_bottom_corner_dim=\dimen159
\l__coffin_top_corner_dim=\dimen160
\l__coffin_scaled_total_height_dim=\dimen161
\l__coffin_scaled_width_dim=\dimen162
\l__seq_internal_a_int=\count190
\l__seq_internal_b_int=\count191
)
("C:\Users\Vrind\AppData\Local\Programs\MiKTeX 2.9\tex/latex/l3kernel\l3pdfmode
.def"
File: l3pdfmode.def 2019-01-13 v L3 Experimental driver: PDF mode
\l__driver_color_stack_int=\count192
))
Package: xparse 2018-10-17 L3 Experimental document command parser
\l__xparse_current_arg_int=\count193
\g__xparse_grabber_int=\count194
\l__xparse_m_args_int=\count195
\l__xparse_mandatory_args_int=\count196
\l__xparse_v_nesting_int=\count197
))
("C:\Users\Vrind\AppData\Local\Programs\MiKTeX 2.9\tex/latex/base\textcomp.sty"
Package: textcomp 2018/08/11 v2.0j Standard LaTeX package
Package textcomp Info: Sub-encoding information:
(textcomp)               5 = only ISO-Adobe without \textcurrency
(textcomp)               4 = 5 + \texteuro
(textcomp)               3 = 4 + \textohm
(textcomp)               2 = 3 + \textestimated + \textcurrency
(textcomp)               1 = TS1 - \textcircled - \t
(textcomp)               0 = TS1 (full)
(textcomp)             Font families with sub-encoding setting implement
(textcomp)             only a restricted character set as indicated.
(textcomp)             Family '?' is the default used for unknown fonts.
(textcomp)             See the documentation for details.
Package textcomp Info: Setting ? sub-encoding to TS1/1 on input line 79.
("C:\Users\Vrind\AppData\Local\Programs\MiKTeX 2.9\tex/latex/base\ts1enc.def"
File: ts1enc.def 2001/06/05 v3.0e (jk/car/fm) Standard LaTeX file
Now handling font encoding TS1 ...
... processing UTF-8 mapping file for font encoding TS1

("C:\Users\Vrind\AppData\Local\Programs\MiKTeX 2.9\tex/latex/base\ts1enc.dfu"
File: ts1enc.dfu 2018/10/05 v1.2f UTF-8 support for inputenc
   defining Unicode char U+00A2 (decimal 162)
   defining Unicode char U+00A3 (decimal 163)
   defining Unicode char U+00A4 (decimal 164)
   defining Unicode char U+00A5 (decimal 165)
   defining Unicode char U+00A6 (decimal 166)
   defining Unicode char U+00A7 (decimal 167)
   defining Unicode char U+00A8 (decimal 168)
   defining Unicode char U+00A9 (decimal 169)
   defining Unicode char U+00AA (decimal 170)
   defining Unicode char U+00AC (decimal 172)
   defining Unicode char U+00AE (decimal 174)
   defining Unicode char U+00AF (decimal 175)
   defining Unicode char U+00B0 (decimal 176)
   defining Unicode char U+00B1 (decimal 177)
   defining Unicode char U+00B2 (decimal 178)
   defining Unicode char U+00B3 (decimal 179)
   defining Unicode char U+00B4 (decimal 180)
   defining Unicode char U+00B5 (decimal 181)
   defining Unicode char U+00B6 (decimal 182)
   defining Unicode char U+00B7 (decimal 183)
   defining Unicode char U+00B9 (decimal 185)
   defining Unicode char U+00BA (decimal 186)
   defining Unicode char U+00BC (decimal 188)
   defining Unicode char U+00BD (decimal 189)
   defining Unicode char U+00BE (decimal 190)
   defining Unicode char U+00D7 (decimal 215)
   defining Unicode char U+00F7 (decimal 247)
   defining Unicode char U+0192 (decimal 402)
   defining Unicode char U+02C7 (decimal 711)
   defining Unicode char U+02D8 (decimal 728)
   defining Unicode char U+02DD (decimal 733)
   defining Unicode char U+0E3F (decimal 3647)
   defining Unicode char U+2016 (decimal 8214)
   defining Unicode char U+2020 (decimal 8224)
   defining Unicode char U+2021 (decimal 8225)
   defining Unicode char U+2022 (decimal 8226)
   defining Unicode char U+2030 (decimal 8240)
   defining Unicode char U+2031 (decimal 8241)
   defining Unicode char U+203B (decimal 8251)
   defining Unicode char U+203D (decimal 8253)
   defining Unicode char U+2044 (decimal 8260)
   defining Unicode char U+204E (decimal 8270)
   defining Unicode char U+2052 (decimal 8274)
   defining Unicode char U+20A1 (decimal 8353)
   defining Unicode char U+20A4 (decimal 8356)
   defining Unicode char U+20A6 (decimal 8358)
   defining Unicode char U+20A9 (decimal 8361)
   defining Unicode char U+20AB (decimal 8363)
   defining Unicode char U+20AC (decimal 8364)
   defining Unicode char U+20B1 (decimal 8369)
   defining Unicode char U+2103 (decimal 8451)
   defining Unicode char U+2116 (decimal 8470)
   defining Unicode char U+2117 (decimal 8471)
   defining Unicode char U+211E (decimal 8478)
   defining Unicode char U+2120 (decimal 8480)
   defining Unicode char U+2122 (decimal 8482)
   defining Unicode char U+2126 (decimal 8486)
   defining Unicode char U+2127 (decimal 8487)
   defining Unicode char U+212E (decimal 8494)
   defining Unicode char U+2190 (decimal 8592)
   defining Unicode char U+2191 (decimal 8593)
   defining Unicode char U+2192 (decimal 8594)
   defining Unicode char U+2193 (decimal 8595)
   defining Unicode char U+2329 (decimal 9001)
   defining Unicode char U+232A (decimal 9002)
   defining Unicode char U+2422 (decimal 9250)
   defining Unicode char U+25E6 (decimal 9702)
   defining Unicode char U+25EF (decimal 9711)
   defining Unicode char U+266A (decimal 9834)
   defining Unicode char U+FEFF (decimal 65279)
))
LaTeX Info: Redefining \oldstylenums on input line 334.
Package textcomp Info: Setting cmr sub-encoding to TS1/0 on input line 349.
Package textcomp Info: Setting cmss sub-encoding to TS1/0 on input line 350.
Package textcomp Info: Setting cmtt sub-encoding to TS1/0 on input line 351.
Package textcomp Info: Setting cmvtt sub-encoding to TS1/0 on input line 352.
Package textcomp Info: Setting cmbr sub-encoding to TS1/0 on input line 353.
Package textcomp Info: Setting cmtl sub-encoding to TS1/0 on input line 354.
Package textcomp Info: Setting ccr sub-encoding to TS1/0 on input line 355.
Package textcomp Info: Setting ptm sub-encoding to TS1/4 on input line 356.
Package textcomp Info: Setting pcr sub-encoding to TS1/4 on input line 357.
Package textcomp Info: Setting phv sub-encoding to TS1/4 on input line 358.
Package textcomp Info: Setting ppl sub-encoding to TS1/3 on input line 359.
Package textcomp Info: Setting pag sub-encoding to TS1/4 on input line 360.
Package textcomp Info: Setting pbk sub-encoding to TS1/4 on input line 361.
Package textcomp Info: Setting pnc sub-encoding to TS1/4 on input line 362.
Package textcomp Info: Setting pzc sub-encoding to TS1/4 on input line 363.
Package textcomp Info: Setting bch sub-encoding to TS1/4 on input line 364.
Package textcomp Info: Setting put sub-encoding to TS1/5 on input line 365.
Package textcomp Info: Setting uag sub-encoding to TS1/5 on input line 366.
Package textcomp Info: Setting ugq sub-encoding to TS1/5 on input line 367.
Package textcomp Info: Setting ul8 sub-encoding to TS1/4 on input line 368.
Package textcomp Info: Setting ul9 sub-encoding to TS1/4 on input line 369.
Package textcomp Info: Setting augie sub-encoding to TS1/5 on input line 370.
Package textcomp Info: Setting dayrom sub-encoding to TS1/3 on input line 371.
Package textcomp Info: Setting dayroms sub-encoding to TS1/3 on input line 372.

Package textcomp Info: Setting pxr sub-encoding to TS1/0 on input line 373.
Package textcomp Info: Setting pxss sub-encoding to TS1/0 on input line 374.
Package textcomp Info: Setting pxtt sub-encoding to TS1/0 on input line 375.
Package textcomp Info: Setting txr sub-encoding to TS1/0 on input line 376.
Package textcomp Info: Setting txss sub-encoding to TS1/0 on input line 377.
Package textcomp Info: Setting txtt sub-encoding to TS1/0 on input line 378.
Package textcomp Info: Setting lmr sub-encoding to TS1/0 on input line 379.
Package textcomp Info: Setting lmdh sub-encoding to TS1/0 on input line 380.
Package textcomp Info: Setting lmss sub-encoding to TS1/0 on input line 381.
Package textcomp Info: Setting lmssq sub-encoding to TS1/0 on input line 382.
Package textcomp Info: Setting lmvtt sub-encoding to TS1/0 on input line 383.
Package textcomp Info: Setting lmtt sub-encoding to TS1/0 on input line 384.
Package textcomp Info: Setting qhv sub-encoding to TS1/0 on input line 385.
Package textcomp Info: Setting qag sub-encoding to TS1/0 on input line 386.
Package textcomp Info: Setting qbk sub-encoding to TS1/0 on input line 387.
Package textcomp Info: Setting qcr sub-encoding to TS1/0 on input line 388.
Package textcomp Info: Setting qcs sub-encoding to TS1/0 on input line 389.
Package textcomp Info: Setting qpl sub-encoding to TS1/0 on input line 390.
Package textcomp Info: Setting qtm sub-encoding to TS1/0 on input line 391.
Package textcomp Info: Setting qzc sub-encoding to TS1/0 on input line 392.
Package textcomp Info: Setting qhvc sub-encoding to TS1/0 on input line 393.
Package textcomp Info: Setting futs sub-encoding to TS1/4 on input line 394.
Package textcomp Info: Setting futx sub-encoding to TS1/4 on input line 395.
Package textcomp Info: Setting futj sub-encoding to TS1/4 on input line 396.
Package textcomp Info: Setting hlh sub-encoding to TS1/3 on input line 397.
Package textcomp Info: Setting hls sub-encoding to TS1/3 on input line 398.
Package textcomp Info: Setting hlst sub-encoding to TS1/3 on input line 399.
Package textcomp Info: Setting hlct sub-encoding to TS1/5 on input line 400.
Package textcomp Info: Setting hlx sub-encoding to TS1/5 on input line 401.
Package textcomp Info: Setting hlce sub-encoding to TS1/5 on input line 402.
Package textcomp Info: Setting hlcn sub-encoding to TS1/5 on input line 403.
Package textcomp Info: Setting hlcw sub-encoding to TS1/5 on input line 404.
Package textcomp Info: Setting hlcf sub-encoding to TS1/5 on input line 405.
Package textcomp Info: Setting pplx sub-encoding to TS1/3 on input line 406.
Package textcomp Info: Setting pplj sub-encoding to TS1/3 on input line 407.
Package textcomp Info: Setting ptmx sub-encoding to TS1/4 on input line 408.
Package textcomp Info: Setting ptmj sub-encoding to TS1/4 on input line 409.
) ("C:\Users\Vrind\AppData\Local\Programs\MiKTeX 2.9\tex/latex/float\float.sty"
Package: float 2001/11/08 v1.3d Float enhancements (AL)
\c@float@type=\count198
\float@exts=\toks21
\float@box=\box44
\@float@everytoks=\toks22
\@floatcapt=\box45
) ("C:\Users\Vrind\AppData\Local\Programs\MiKTeX 2.9\tex/generic/babel\babel.st
y"
Package: babel 2018/11/13 3.27 The Babel package

("C:\Users\Vrind\AppData\Local\Programs\MiKTeX 2.9\tex/generic/babel\switch.def
"
File: switch.def 2018/11/13 3.27 Babel switching mechanism
)
*************************************
* Local config file bblopts.cfg used
*
("C:\Users\Vrind\AppData\Local\Programs\MiKTeX 2.9\tex/latex/arabi\bblopts.cfg"
File: bblopts.cfg 2005/09/08 v0.1 add Arabic and Farsi to "declared" options of
 babel
)
("C:\Users\Vrind\AppData\Local\Programs\MiKTeX 2.9\tex/latex/babel-english\brit
ish.ldf"
Language: british 2017/06/06 v3.3r English support from the babel system

("C:\Users\Vrind\AppData\Local\Programs\MiKTeX 2.9\tex/latex/babel-english\engl
ish.ldf"
Language: english 2017/06/06 v3.3r English support from the babel system

("C:\Users\Vrind\AppData\Local\Programs\MiKTeX 2.9\tex/generic/babel\babel.def"
File: babel.def 2018/11/13 3.27 Babel common definitions
\babel@savecnt=\count199
\U@D=\dimen163

("C:\Users\Vrind\AppData\Local\Programs\MiKTeX 2.9\tex/generic/babel\txtbabel.d
ef")
\bbl@dirlevel=\count266
)
\l@canadian = a dialect from \language\l@american 
\l@australian = a dialect from \language\l@british 
\l@newzealand = a dialect from \language\l@british 
)))
("C:\Users\Vrind\AppData\Local\Programs\MiKTeX 2.9\tex/latex/tools\hhline.sty"
Package: hhline 2014/10/28 v2.03 Table rule package (DPC)
)
("C:\Users\Vrind\AppData\Local\Programs\MiKTeX 2.9\tex/latex/multirow\multirow.
sty"
Package: multirow 2019/01/01 v2.4 Span multiple rows of a table
\multirow@colwidth=\skip56
\multirow@cntb=\count267
\multirow@dima=\skip57
\bigstrutjot=\dimen164
)
("C:\Users\Vrind\AppData\Local\Programs\MiKTeX 2.9\tex/latex/appendix\appendix.
sty"
Package: appendix 2009/09/02 v1.2b extra appendix facilities
\c@@pps=\count268
\c@@ppsavesec=\count269
\c@@ppsaveapp=\count270
)
("C:\Users\Vrind\AppData\Local\Programs\MiKTeX 2.9\tex/latex/hyperref\hyperref.
sty"
Package: hyperref 2018/11/30 v6.88e Hypertext links for LaTeX

("C:\Users\Vrind\AppData\Local\Programs\MiKTeX 2.9\tex/generic/oberdiek\hobsub-
hyperref.sty"
Package: hobsub-hyperref 2016/05/16 v1.14 Bundle oberdiek, subset hyperref (HO)


("C:\Users\Vrind\AppData\Local\Programs\MiKTeX 2.9\tex/generic/oberdiek\hobsub-
generic.sty"
Package: hobsub-generic 2016/05/16 v1.14 Bundle oberdiek, subset generic (HO)
Package: hobsub 2016/05/16 v1.14 Construct package bundles (HO)
Package: infwarerr 2016/05/16 v1.4 Providing info/warning/error messages (HO)
Package: ltxcmds 2016/05/16 v1.23 LaTeX kernel commands for general use (HO)
Package: ifluatex 2016/05/16 v1.4 Provides the ifluatex switch (HO)
Package ifluatex Info: LuaTeX not detected.
Package hobsub Info: Skipping package `ifvtex' (already loaded).
Package: intcalc 2016/05/16 v1.2 Expandable calculations with integers (HO)
Package hobsub Info: Skipping package `ifpdf' (already loaded).
Package: etexcmds 2016/05/16 v1.6 Avoid name clashes with e-TeX commands (HO)
Package: kvsetkeys 2016/05/16 v1.17 Key value parser (HO)
Package: kvdefinekeys 2016/05/16 v1.4 Define keys (HO)
Package: pdftexcmds 2018/09/10 v0.29 Utility functions of pdfTeX for LuaTeX (HO
)
Package pdftexcmds Info: LuaTeX not detected.
Package pdftexcmds Info: \pdf@primitive is available.
Package pdftexcmds Info: \pdf@ifprimitive is available.
Package pdftexcmds Info: \pdfdraftmode found.
Package: pdfescape 2016/05/16 v1.14 Implements pdfTeX's escape features (HO)
Package: bigintcalc 2016/05/16 v1.4 Expandable calculations on big integers (HO
)
Package: bitset 2016/05/16 v1.2 Handle bit-vector datatype (HO)
Package: uniquecounter 2016/05/16 v1.3 Provide unlimited unique counter (HO)
)
Package hobsub Info: Skipping package `hobsub' (already loaded).
Package: letltxmacro 2016/05/16 v1.5 Let assignment for LaTeX macros (HO)
Package: hopatch 2016/05/16 v1.3 Wrapper for package hooks (HO)
Package: xcolor-patch 2016/05/16 xcolor patch
Package: atveryend 2016/05/16 v1.9 Hooks at the very end of document (HO)
Package atveryend Info: \enddocument detected (standard20110627).
Package: atbegshi 2016/06/09 v1.18 At begin shipout hook (HO)
Package: refcount 2016/05/16 v3.5 Data extraction from label references (HO)
Package: hycolor 2016/05/16 v1.8 Color options for hyperref/bookmark (HO)
)
("C:\Users\Vrind\AppData\Local\Programs\MiKTeX 2.9\tex/latex/oberdiek\auxhook.s
ty"
Package: auxhook 2016/05/16 v1.4 Hooks for auxiliary files (HO)
)
("C:\Users\Vrind\AppData\Local\Programs\MiKTeX 2.9\tex/latex/oberdiek\kvoptions
.sty"
Package: kvoptions 2016/05/16 v3.12 Key value format for package options (HO)
)
\@linkdim=\dimen165
\Hy@linkcounter=\count271
\Hy@pagecounter=\count272

("C:\Users\Vrind\AppData\Local\Programs\MiKTeX 2.9\tex/latex/hyperref\pd1enc.de
f"
File: pd1enc.def 2018/11/30 v6.88e Hyperref: PDFDocEncoding definition (HO)
Now handling font encoding PD1 ...
... no UTF-8 mapping file for font encoding PD1
)
\Hy@SavedSpaceFactor=\count273

("C:\Users\Vrind\AppData\Local\Programs\MiKTeX 2.9\tex/latex/00miktex\hyperref.
cfg"
File: hyperref.cfg 2002/06/06 v1.2 hyperref configuration of TeXLive
)
Package hyperref Info: Option `colorlinks' set `true' on input line 4393.
Package hyperref Info: Hyper figures OFF on input line 4519.
Package hyperref Info: Link nesting OFF on input line 4524.
Package hyperref Info: Hyper index ON on input line 4527.
Package hyperref Info: Plain pages OFF on input line 4534.
Package hyperref Info: Backreferencing OFF on input line 4539.
Package hyperref Info: Implicit mode ON; LaTeX internals redefined.
Package hyperref Info: Bookmarks ON on input line 4772.
\c@Hy@tempcnt=\count274
 ("C:\Users\Vrind\AppData\Local\Programs\MiKTeX 2.9\tex/latex/url\url.sty"
\Urlmuskip=\muskip17
Package: url 2013/09/16  ver 3.4  Verb mode for urls, etc.
)
LaTeX Info: Redefining \url on input line 5125.
\XeTeXLinkMargin=\dimen166
\Fld@menulength=\count275
\Field@Width=\dimen167
\Fld@charsize=\dimen168
Package hyperref Info: Hyper figures OFF on input line 6380.
Package hyperref Info: Link nesting OFF on input line 6385.
Package hyperref Info: Hyper index ON on input line 6388.
Package hyperref Info: backreferencing OFF on input line 6395.
Package hyperref Info: Link coloring ON on input line 6398.
Package hyperref Info: Link coloring with OCG OFF on input line 6405.
Package hyperref Info: PDF/A mode OFF on input line 6410.
LaTeX Info: Redefining \ref on input line 6450.
LaTeX Info: Redefining \pageref on input line 6454.
\Hy@abspage=\count276
\c@Item=\count277
\c@Hfootnote=\count278
)
Package hyperref Info: Driver (autodetected): hpdftex.

("C:\Users\Vrind\AppData\Local\Programs\MiKTeX 2.9\tex/latex/hyperref\hpdftex.d
ef"
File: hpdftex.def 2018/11/30 v6.88e Hyperref driver for pdfTeX
\Fld@listcount=\count279
\c@bookmark@seq@number=\count280

("C:\Users\Vrind\AppData\Local\Programs\MiKTeX 2.9\tex/latex/oberdiek\rerunfile
check.sty"
Package: rerunfilecheck 2016/05/16 v1.8 Rerun checks for auxiliary files (HO)
Package uniquecounter Info: New unique counter `rerunfilecheck' on input line 2
82.
)
\Hy@SectionHShift=\skip58
)
Package hyperref Info: Option `colorlinks' set `true' on input line 21.

("C:\Users\Vrind\AppData\Local\Programs\MiKTeX 2.9\tex/latex/subfiles\subfiles.
sty"
Package: subfiles 2018/07/31 Federico Garcia, Gernot Salzer

("C:\Users\Vrind\AppData\Local\Programs\MiKTeX 2.9\tex/latex/tools\verbatim.sty
"
Package: verbatim 2014/10/28 v1.5q LaTeX2e package for verbatim enhancements
\every@verbatim=\toks23
\verbatim@line=\toks24
\verbatim@in@stream=\read2
))
("C:\Users\Vrind\AppData\Local\Programs\MiKTeX 2.9\tex/latex/blindtext\blindtex
t.sty"
Package: blindtext 2012/01/06 V2.0 blindtext-Package

("C:\Users\Vrind\AppData\Local\Programs\MiKTeX 2.9\tex/latex/tools\xspace.sty"
Package: xspace 2014/10/28 v1.13 Space after command names (DPC,MH)
)
\c@blindtext=\count281
\c@Blindtext=\count282
\c@blind@countparstart=\count283
\blind@countxx=\count284
\blindtext@numBlindtext=\count285
\blind@countyy=\count286
\c@blindlist=\count287
\c@blindlistlevel=\count288
\c@blindlist@level=\count289
\blind@listitem=\count290
\c@blind@listcount=\count291
\c@blind@levelcount=\count292
\blind@mathformula=\count293
\blind@Mathformula=\count294
\c@blind@randomcount=\count295
\c@blind@randommax=\count296
\c@blind@pangramcount=\count297
\c@blind@pangrammax=\count298
)
("C:\Users\Vrind\AppData\Local\Programs\MiKTeX 2.9\tex/latex/tocbibind\tocbibin
d.sty"
Package: tocbibind 2010/10/13 v1.5k extra ToC listings
Package tocbibind Info: The document has chapter divisions on input line 50.


Package tocbibind Note: Using chapter style headings, unless overridden.

)))

LaTeX Warning: Unused global option(s):
    [12].

(Appendix.aux)
\openout1 = `Appendix.aux'.

LaTeX Font Info:    Checking defaults for OML/cmm/m/it on input line 2.
LaTeX Font Info:    ... okay on input line 2.
LaTeX Font Info:    Checking defaults for T1/cmr/m/n on input line 2.
LaTeX Font Info:    ... okay on input line 2.
LaTeX Font Info:    Checking defaults for OT1/cmr/m/n on input line 2.
LaTeX Font Info:    ... okay on input line 2.
LaTeX Font Info:    Checking defaults for OMS/cmsy/m/n on input line 2.
LaTeX Font Info:    ... okay on input line 2.
LaTeX Font Info:    Checking defaults for OMX/cmex/m/n on input line 2.
LaTeX Font Info:    ... okay on input line 2.
LaTeX Font Info:    Checking defaults for U/cmr/m/n on input line 2.
LaTeX Font Info:    ... okay on input line 2.
LaTeX Font Info:    Checking defaults for TS1/cmr/m/n on input line 2.
LaTeX Font Info:    Try loading font information for TS1+cmr on input line 2.

("C:\Users\Vrind\AppData\Local\Programs\MiKTeX 2.9\tex/latex/base\ts1cmr.fd"
File: ts1cmr.fd 2014/09/29 v2.5h Standard LaTeX font definitions
)
LaTeX Font Info:    ... okay on input line 2.
LaTeX Font Info:    Checking defaults for PD1/pdf/m/n on input line 2.
LaTeX Font Info:    ... okay on input line 2.

*geometry* driver: auto-detecting
*geometry* detected driver: pdftex
*geometry* verbose mode - [ preamble ] result:
* driver: pdftex
* paper: <default>
* layout: <same size as paper>
* layoutoffset:(h,v)=(0.0pt,0.0pt)
* modes: twoside 
* h-part:(L,W,R)=(56.9055pt, 500.484pt, 56.9055pt)
* v-part:(T,H,B)=(56.9055pt, 681.15898pt, 56.9055pt)
* \paperwidth=614.295pt
* \paperheight=794.96999pt
* \textwidth=500.484pt
* \textheight=681.15898pt
* \oddsidemargin=-15.36449pt
* \evensidemargin=-15.36449pt
* \topmargin=-45.43198pt
* \headheight=12.0pt
* \headsep=18.06749pt
* \topskip=10.0pt
* \footskip=25.29494pt
* \marginparwidth=125.0pt
* \marginparsep=7.0pt
* \columnsep=10.0pt
* \skip\footins=9.0pt plus 4.0pt minus 2.0pt
* \hoffset=0.0pt
* \voffset=0.0pt
* \mag=1000
* \@twocolumnfalse
* \@twosidetrue
* \@mparswitchtrue
* \@reversemarginfalse
* (1in=72.27pt=25.4mm, 1cm=28.453pt)


("C:\Users\Vrind\AppData\Local\Programs\MiKTeX 2.9\tex/context/base\supp-pdf.mk
ii"
[Loading MPS to PDF converter (version 2006.09.02).]
\scratchcounter=\count299
\scratchdimen=\dimen169
\scratchbox=\box46
\nofMPsegments=\count300
\nofMParguments=\count301
\everyMPshowfont=\toks25
\MPscratchCnt=\count302
\MPscratchDim=\dimen170
\MPnumerator=\count303
\makeMPintoPDFobject=\count304
\everyMPtoPDFconversion=\toks26
)
("C:\Users\Vrind\AppData\Local\Programs\MiKTeX 2.9\tex/latex/oberdiek\epstopdf-
base.sty"
Package: epstopdf-base 2016/05/15 v2.6 Base part for package epstopdf

("C:\Users\Vrind\AppData\Local\Programs\MiKTeX 2.9\tex/latex/oberdiek\grfext.st
y"
Package: grfext 2016/05/16 v1.2 Manage graphics extensions (HO)
)
Package epstopdf-base Info: Redefining graphics rule for `.eps' on input line 4
38.
Package grfext Info: Graphics extension search list:
(grfext)             [.pdf,.png,.jpg,.mps,.jpeg,.jbig2,.jb2,.PDF,.PNG,.JPG,.JPE
G,.JBIG2,.JB2,.eps]
(grfext)             \AppendGraphicsExtensions on input line 456.
)
\AtBeginShipoutBox=\box47

("C:\Users\Vrind\AppData\Local\Programs\MiKTeX 2.9\tex/latex/graphics\color.sty
"
Package: color 2016/07/10 v1.1e Standard LaTeX Color (DPC)
LaTeX Info: Redefining \color on input line 86.

("C:\Users\Vrind\AppData\Local\Programs\MiKTeX 2.9\tex/latex/graphics-cfg\color
.cfg"
File: color.cfg 2016/01/02 v1.6 sample color configuration
)
Package color Info: Driver file: pdftex.def on input line 147.
)
Package hyperref Info: Link coloring ON on input line 2.

("C:\Users\Vrind\AppData\Local\Programs\MiKTeX 2.9\tex/latex/hyperref\nameref.s
ty"
Package: nameref 2016/05/21 v2.44 Cross-referencing by name of section

("C:\Users\Vrind\AppData\Local\Programs\MiKTeX 2.9\tex/generic/oberdiek\gettitl
estring.sty"
Package: gettitlestring 2016/05/16 v1.5 Cleanup title references (HO)
)
\c@section@level=\count305
)
LaTeX Info: Redefining \ref on input line 2.
LaTeX Info: Redefining \pageref on input line 2.
LaTeX Info: Redefining \nameref on input line 2.
 (Appendix.out) (Appendix.out)
\@outlinefile=\write3
\openout3 = `Appendix.out'.


Appendix A.

LaTeX Warning: Reference `fig:f10' on page 1 undefined on input line 8.

Package epstopdf Info: Source file: <Mingap_F_8.eps>
(epstopdf)                    date: 2019-10-15 09:50:09
(epstopdf)                    size: 31632 bytes
(epstopdf)             Output file: <Mingap_F_8-eps-converted-to.pdf>
(epstopdf)                    date: 2019-10-15 12:55:46
(epstopdf)                    size: 20721 bytes
(epstopdf)             Command: <epstopdf --outfile=Mingap_F_8-eps-converted-to
.pdf Mingap_F_8.eps>
(epstopdf)             \includegraphics on input line 12.
Package epstopdf Info: Output file is already uptodate.


pdfTeX warning: pdflatex.exe (file ./Mingap_F_8-eps-converted-to.pdf): PDF incl
usion: found PDF version <1.7>, but at most version <1.5> allowed
<Mingap_F_8-eps-converted-to.pdf, id=16, 361.35pt x 252.945pt>
File: Mingap_F_8-eps-converted-to.pdf Graphic file (type pdf)
<use Mingap_F_8-eps-converted-to.pdf>
Package pdftex.def Info: Mingap_F_8-eps-converted-to.pdf  used on input line 12
.
(pdftex.def)             Requested size: 289.0804pt x 202.35626pt.
LaTeX Font Info:    Try loading font information for U+msa on input line 13.
("C:\Users\Vrind\AppData\Local\Programs\MiKTeX 2.9\tex/latex/amsfonts\umsa.fd"
File: umsa.fd 2013/01/14 v3.01 AMS symbols A
)
LaTeX Font Info:    Try loading font information for U+msb on input line 13.
("C:\Users\Vrind\AppData\Local\Programs\MiKTeX 2.9\tex/latex/amsfonts\umsb.fd"
File: umsb.fd 2013/01/14 v3.01 AMS symbols B
)
LaTeX Font Info:    Try loading font information for OMS+cmr on input line 13.
("C:\Users\Vrind\AppData\Local\Programs\MiKTeX 2.9\tex/latex/base\omscmr.fd"
File: omscmr.fd 2014/09/29 v2.5h Standard LaTeX font definitions
)
LaTeX Font Info:    Font shape `OMS/cmr/m/n' in size <10> not available
(Font)              Font shape `OMS/cmsy/m/n' tried instead on input line 13.
Package epstopdf Info: Source file: <Mingap_A_8.eps>
(epstopdf)                    date: 2019-10-15 09:49:39
(epstopdf)                    size: 33027 bytes
(epstopdf)             Output file: <Mingap_A_8-eps-converted-to.pdf>
(epstopdf)                    date: 2019-10-15 12:55:47
(epstopdf)                    size: 20766 bytes
(epstopdf)             Command: <epstopdf --outfile=Mingap_A_8-eps-converted-to
.pdf Mingap_A_8.eps>
(epstopdf)             \includegraphics on input line 21.
Package epstopdf Info: Output file is already uptodate.


pdfTeX warning: pdflatex.exe (file ./Mingap_A_8-eps-converted-to.pdf): PDF incl
usion: found PDF version <1.7>, but at most version <1.5> allowed
<Mingap_A_8-eps-converted-to.pdf, id=18, 361.35pt x 252.945pt>
File: Mingap_A_8-eps-converted-to.pdf Graphic file (type pdf)
<use Mingap_A_8-eps-converted-to.pdf>
Package pdftex.def Info: Mingap_A_8-eps-converted-to.pdf  used on input line 21
.
(pdftex.def)             Requested size: 289.0804pt x 202.35626pt.

Underfull \vbox (badness 10000) has occurred while \output is active []

 [1


{C:/Users/Vrind/AppData/Local/MiKTeX/2.9/pdftex/config/pdftex.map} <./Mingap_F_
8-eps-converted-to.pdf>]
Package epstopdf Info: Source file: <Succ_OF_8.eps>
(epstopdf)                    date: 2019-10-15 09:49:08
(epstopdf)                    size: 31787 bytes
(epstopdf)             Output file: <Succ_OF_8-eps-converted-to.pdf>
(epstopdf)                    date: 2019-10-15 12:55:48
(epstopdf)                    size: 20279 bytes
(epstopdf)             Command: <epstopdf --outfile=Succ_OF_8-eps-converted-to.
pdf Succ_OF_8.eps>
(epstopdf)             \includegraphics on input line 31.
Package epstopdf Info: Output file is already uptodate.


pdfTeX warning: pdflatex.exe (file ./Succ_OF_8-eps-converted-to.pdf): PDF inclu
sion: found PDF version <1.7>, but at most version <1.5> allowed
<Succ_OF_8-eps-converted-to.pdf, id=37, 361.35pt x 252.945pt>
File: Succ_OF_8-eps-converted-to.pdf Graphic file (type pdf)
<use Succ_OF_8-eps-converted-to.pdf>
Package pdftex.def Info: Succ_OF_8-eps-converted-to.pdf  used on input line 31.

(pdftex.def)             Requested size: 289.0804pt x 202.35626pt.
[2 <./Mingap_A_8-eps-converted-to.pdf> <./Succ_OF_8-eps-converted-to.pdf>]
Package epstopdf Info: Source file: <Succ_OA_8.eps>
(epstopdf)                    date: 2019-10-15 09:54:16
(epstopdf)                    size: 33635 bytes
(epstopdf)             Output file: <Succ_OA_8-eps-converted-to.pdf>
(epstopdf)                    date: 2019-10-15 12:55:49
(epstopdf)                    size: 20468 bytes
(epstopdf)             Command: <epstopdf --outfile=Succ_OA_8-eps-converted-to.
pdf Succ_OA_8.eps>
(epstopdf)             \includegraphics on input line 40.
Package epstopdf Info: Output file is already uptodate.


pdfTeX warning: pdflatex.exe (file ./Succ_OA_8-eps-converted-to.pdf): PDF inclu
sion: found PDF version <1.7>, but at most version <1.5> allowed
<Succ_OA_8-eps-converted-to.pdf, id=56, 361.35pt x 252.945pt>
File: Succ_OA_8-eps-converted-to.pdf Graphic file (type pdf)
<use Succ_OA_8-eps-converted-to.pdf>
Package pdftex.def Info: Succ_OA_8-eps-converted-to.pdf  used on input line 40.

(pdftex.def)             Requested size: 289.0804pt x 202.35626pt.
Package epstopdf Info: Source file: <SuccVsGap_F_8.eps>
(epstopdf)                    date: 2019-10-15 09:55:32
(epstopdf)                    size: 28611 bytes
(epstopdf)             Output file: <SuccVsGap_F_8-eps-converted-to.pdf>
(epstopdf)                    date: 2019-10-15 12:55:50
(epstopdf)                    size: 21579 bytes
(epstopdf)             Command: <epstopdf --outfile=SuccVsGap_F_8-eps-converted
-to.pdf SuccVsGap_F_8.eps>
(epstopdf)             \includegraphics on input line 50.
Package epstopdf Info: Output file is already uptodate.


pdfTeX warning: pdflatex.exe (file ./SuccVsGap_F_8-eps-converted-to.pdf): PDF i
nclusion: found PDF version <1.7>, but at most version <1.5> allowed
<SuccVsGap_F_8-eps-converted-to.pdf, id=58, 361.35pt x 252.945pt>
File: SuccVsGap_F_8-eps-converted-to.pdf Graphic file (type pdf)
<use SuccVsGap_F_8-eps-converted-to.pdf>
Package pdftex.def Info: SuccVsGap_F_8-eps-converted-to.pdf  used on input line
 50.
(pdftex.def)             Requested size: 289.0804pt x 202.35626pt.
Package epstopdf Info: Source file: <SuccVsGap_A_8.eps>
(epstopdf)                    date: 2019-10-15 09:59:57
(epstopdf)                    size: 31504 bytes
(epstopdf)             Output file: <SuccVsGap_A_8-eps-converted-to.pdf>
(epstopdf)                    date: 2019-10-15 12:55:50
(epstopdf)                    size: 22471 bytes
(epstopdf)             Command: <epstopdf --outfile=SuccVsGap_A_8-eps-converted
-to.pdf SuccVsGap_A_8.eps>
(epstopdf)             \includegraphics on input line 51.
Package epstopdf Info: Output file is already uptodate.


pdfTeX warning: pdflatex.exe (file ./SuccVsGap_A_8-eps-converted-to.pdf): PDF i
nclusion: found PDF version <1.7>, but at most version <1.5> allowed
<SuccVsGap_A_8-eps-converted-to.pdf, id=59, 361.35pt x 252.945pt>
File: SuccVsGap_A_8-eps-converted-to.pdf Graphic file (type pdf)
<use SuccVsGap_A_8-eps-converted-to.pdf>
Package pdftex.def Info: SuccVsGap_A_8-eps-converted-to.pdf  used on input line
 51.
(pdftex.def)             Requested size: 289.0804pt x 202.35626pt.
[3 <./Succ_OA_8-eps-converted-to.pdf>] [4 <./SuccVsGap_F_8-eps-converted-to.pdf
> <./SuccVsGap_A_8-eps-converted-to.pdf>]
Appendix B.
Package epstopdf Info: Source file: <98_Ferro_g0.eps>
(epstopdf)                    date: 2019-10-15 10:27:28
(epstopdf)                    size: 50637 bytes
(epstopdf)             Output file: <98_Ferro_g0-eps-converted-to.pdf>
(epstopdf)                    date: 2019-10-15 12:55:51
(epstopdf)                    size: 24692 bytes
(epstopdf)             Command: <epstopdf --outfile=98_Ferro_g0-eps-converted-t
o.pdf 98_Ferro_g0.eps>
(epstopdf)             \includegraphics on input line 87.
Package epstopdf Info: Output file is already uptodate.


pdfTeX warning: pdflatex.exe (file ./98_Ferro_g0-eps-converted-to.pdf): PDF inc
lusion: found PDF version <1.7>, but at most version <1.5> allowed
<98_Ferro_g0-eps-converted-to.pdf, id=79, 361.35pt x 252.945pt>
File: 98_Ferro_g0-eps-converted-to.pdf Graphic file (type pdf)
<use 98_Ferro_g0-eps-converted-to.pdf>
Package pdftex.def Info: 98_Ferro_g0-eps-converted-to.pdf  used on input line 8
7.
(pdftex.def)             Requested size: 289.0804pt x 202.35626pt.
Package epstopdf Info: Source file: <59_antiFerro_g0.eps>
(epstopdf)                    date: 2019-10-15 10:41:08
(epstopdf)                    size: 50372 bytes
(epstopdf)             Output file: <59_antiFerro_g0-eps-converted-to.pdf>
(epstopdf)                    date: 2019-10-15 12:55:52
(epstopdf)                    size: 25050 bytes
(epstopdf)             Command: <epstopdf --outfile=59_antiFerro_g0-eps-convert
ed-to.pdf 59_antiFerro_g0.eps>
(epstopdf)             \includegraphics on input line 88.
Package epstopdf Info: Output file is already uptodate.


pdfTeX warning: pdflatex.exe (file ./59_antiFerro_g0-eps-converted-to.pdf): PDF
 inclusion: found PDF version <1.7>, but at most version <1.5> allowed
<59_antiFerro_g0-eps-converted-to.pdf, id=80, 361.35pt x 252.945pt>
File: 59_antiFerro_g0-eps-converted-to.pdf Graphic file (type pdf)
<use 59_antiFerro_g0-eps-converted-to.pdf>
Package pdftex.def Info: 59_antiFerro_g0-eps-converted-to.pdf  used on input li
ne 88.
(pdftex.def)             Requested size: 289.0804pt x 202.35626pt.
[5

] [6 <./98_Ferro_g0-eps-converted-to.pdf> <./59_antiFerro_g0-eps-converted-to.p
df>]
Appendix C.

LaTeX Warning: Reference `fig:a41' on page 7 undefined on input line 94.

Package epstopdf Info: Source file: <103_A_g2.eps>
(epstopdf)                    date: 2019-10-15 10:55:03
(epstopdf)                    size: 58376 bytes
(epstopdf)             Output file: <103_A_g2-eps-converted-to.pdf>
(epstopdf)                    date: 2019-10-15 12:55:53
(epstopdf)                    size: 30290 bytes
(epstopdf)             Command: <epstopdf --outfile=103_A_g2-eps-converted-to.p
df 103_A_g2.eps>
(epstopdf)             \includegraphics on input line 100.
Package epstopdf Info: Output file is already uptodate.


pdfTeX warning: pdflatex.exe (file ./103_A_g2-eps-converted-to.pdf): PDF inclus
ion: found PDF version <1.7>, but at most version <1.5> allowed
<103_A_g2-eps-converted-to.pdf, id=104, 361.35pt x 252.945pt>
File: 103_A_g2-eps-converted-to.pdf Graphic file (type pdf)
<use 103_A_g2-eps-converted-to.pdf>
Package pdftex.def Info: 103_A_g2-eps-converted-to.pdf  used on input line 100.

(pdftex.def)             Requested size: 289.0804pt x 202.35626pt.
Package epstopdf Info: Source file: <103_A_g2_Overlap.eps>
(epstopdf)                    date: 2019-10-15 10:43:19
(epstopdf)                    size: 42331 bytes
(epstopdf)             Output file: <103_A_g2_Overlap-eps-converted-to.pdf>
(epstopdf)                    date: 2019-10-15 12:55:54
(epstopdf)                    size: 15604 bytes
(epstopdf)             Command: <epstopdf --outfile=103_A_g2_Overlap-eps-conver
ted-to.pdf 103_A_g2_Overlap.eps>
(epstopdf)             \includegraphics on input line 101.
Package epstopdf Info: Output file is already uptodate.


pdfTeX warning: pdflatex.exe (file ./103_A_g2_Overlap-eps-converted-to.pdf): PD
F inclusion: found PDF version <1.7>, but at most version <1.5> allowed
<103_A_g2_Overlap-eps-converted-to.pdf, id=105, 361.35pt x 252.945pt>
File: 103_A_g2_Overlap-eps-converted-to.pdf Graphic file (type pdf)
<use 103_A_g2_Overlap-eps-converted-to.pdf>
Package pdftex.def Info: 103_A_g2_Overlap-eps-converted-to.pdf  used on input l
ine 101.
(pdftex.def)             Requested size: 289.0804pt x 202.35626pt.
Package epstopdf Info: Source file: <709_A_g2.eps>
(epstopdf)                    date: 2019-10-15 10:55:14
(epstopdf)                    size: 57976 bytes
(epstopdf)             Output file: <709_A_g2-eps-converted-to.pdf>
(epstopdf)                    date: 2019-10-15 12:55:54
(epstopdf)                    size: 30092 bytes
(epstopdf)             Command: <epstopdf --outfile=709_A_g2-eps-converted-to.p
df 709_A_g2.eps>
(epstopdf)             \includegraphics on input line 109.
Package epstopdf Info: Output file is already uptodate.


pdfTeX warning: pdflatex.exe (file ./709_A_g2-eps-converted-to.pdf): PDF inclus
ion: found PDF version <1.7>, but at most version <1.5> allowed
<709_A_g2-eps-converted-to.pdf, id=106, 361.35pt x 252.945pt>
File: 709_A_g2-eps-converted-to.pdf Graphic file (type pdf)
<use 709_A_g2-eps-converted-to.pdf>
Package pdftex.def Info: 709_A_g2-eps-converted-to.pdf  used on input line 109.

(pdftex.def)             Requested size: 289.0804pt x 202.35626pt.
Package epstopdf Info: Source file: <709_A_g2_Overlap.eps>
(epstopdf)                    date: 2019-10-15 10:53:04
(epstopdf)                    size: 41677 bytes
(epstopdf)             Output file: <709_A_g2_Overlap-eps-converted-to.pdf>
(epstopdf)                    date: 2019-10-15 12:55:55
(epstopdf)                    size: 11741 bytes
(epstopdf)             Command: <epstopdf --outfile=709_A_g2_Overlap-eps-conver
ted-to.pdf 709_A_g2_Overlap.eps>
(epstopdf)             \includegraphics on input line 110.
Package epstopdf Info: Output file is already uptodate.


pdfTeX warning: pdflatex.exe (file ./709_A_g2_Overlap-eps-converted-to.pdf): PD
F inclusion: found PDF version <1.7>, but at most version <1.5> allowed
<709_A_g2_Overlap-eps-converted-to.pdf, id=107, 361.35pt x 252.945pt>
File: 709_A_g2_Overlap-eps-converted-to.pdf Graphic file (type pdf)
<use 709_A_g2_Overlap-eps-converted-to.pdf>
Package pdftex.def Info: 709_A_g2_Overlap-eps-converted-to.pdf  used on input l
ine 110.
(pdftex.def)             Requested size: 289.0804pt x 202.35626pt.
Package atveryend Info: Empty hook `BeforeClearDocument' on input line 116.
[7

] [8 <./103_A_g2-eps-converted-to.pdf> <./103_A_g2_Overlap-eps-converted-to.pdf
>] [9 <./709_A_g2-eps-converted-to.pdf> <./709_A_g2_Overlap-eps-converted-to.pd
f>]
Package atveryend Info: Empty hook `AfterLastShipout' on input line 116.
 (Appendix.aux)
Package atveryend Info: Executing hook `AtVeryEndDocument' on input line 116.
Package atveryend Info: Executing hook `AtEndAfterFileList' on input line 116.
Package rerunfilecheck Info: File `Appendix.out' has not changed.
(rerunfilecheck)             Checksum: 04F09C303B8907243621B87192F93A1C;253.


LaTeX Warning: There were undefined references.

Package atveryend Info: Empty hook `AtVeryVeryEnd' on input line 116.
 ) 
Here is how much of TeX's memory you used:
 18447 strings out of 492946
 319565 string characters out of 3126266
 409734 words of memory out of 3000000
 22141 multiletter control sequences out of 15000+200000
 535946 words of font info for 38 fonts, out of 3000000 for 9000
 1141 hyphenation exceptions out of 8191
 56i,8n,67p,738b,424s stack positions out of 5000i,500n,10000p,200000b,50000s
 <C:\Users\Vrind\AppData\Local\MiKTeX\2.9\fonts/pk/ljfour/jknappen/ec/dpi600\
tcrm1000.pk><C:/Users/Vrind/AppData/Local/Programs/MiKTeX 2.9/fonts/type1/publi
c/amsfonts/cm/cmbx10.pfb><C:/Users/Vrind/AppData/Local/Programs/MiKTeX 2.9/font
s/type1/public/amsfonts/cm/cmbx12.pfb><C:/Users/Vrind/AppData/Local/Programs/Mi
KTeX 2.9/fonts/type1/public/amsfonts/cm/cmex10.pfb><C:/Users/Vrind/AppData/Loca
l/Programs/MiKTeX 2.9/fonts/type1/public/amsfonts/cm/cmmi10.pfb><C:/Users/Vrind
/AppData/Local/Programs/MiKTeX 2.9/fonts/type1/public/amsfonts/cm/cmmi7.pfb><C:
/Users/Vrind/AppData/Local/Programs/MiKTeX 2.9/fonts/type1/public/amsfonts/cm/c
mr10.pfb><C:/Users/Vrind/AppData/Local/Programs/MiKTeX 2.9/fonts/type1/public/a
msfonts/cm/cmr7.pfb><C:/Users/Vrind/AppData/Local/Programs/MiKTeX 2.9/fonts/typ
e1/public/amsfonts/cm/cmsl10.pfb><C:/Users/Vrind/AppData/Local/Programs/MiKTeX 
2.9/fonts/type1/public/amsfonts/cm/cmsy10.pfb><C:/Users/Vrind/AppData/Local/Pro
grams/MiKTeX 2.9/fonts/type1/public/amsfonts/cm/cmsy7.pfb>
Output written on Appendix.pdf (9 pages, 372068 bytes).
PDF statistics:
 180 PDF objects out of 1000 (max. 8388607)
 26 named destinations out of 1000 (max. 500000)
 85 words of extra memory for PDF output out of 10000 (max. 10000000)

